#-----------------------------------------------------------
# Vivado v2023.1 (64-bit)
# SW Build 3865809 on Sun May  7 15:05:29 MDT 2023
# IP Build 3864474 on Sun May  7 20:36:21 MDT 2023
# SharedData Build 3865790 on Sun May 07 13:33:03 MDT 2023
# Start of session at: Mon Dec 11 00:19:19 2023
# Process ID: 29532
# Current directory: C:/Users/22770/Desktop/Low Power FPGA/Project/Final-Project
# Command line: vivado.exe -gui_launcher_event rodinguilauncherevent21204 C:\Users\22770\Desktop\Low Power FPGA\Project\Final-Project\Final-Project.xpr
# Log file: C:/Users/22770/Desktop/Low Power FPGA/Project/Final-Project/vivado.log
# Journal file: C:/Users/22770/Desktop/Low Power FPGA/Project/Final-Project\vivado.jou
# Running On: little_handsome, OS: Windows, CPU Frequency: 2918 MHz, CPU Physical cores: 14, Host memory: 16890 MB
#-----------------------------------------------------------
start_gui
open_project {C:/Users/22770/Desktop/Low Power FPGA/Project/Final-Project/Final-Project.xpr}
WARNING: [Board 49-26] cannot add Board Part xilinx.com:kc705:part0:1.6 available at C:/Xilinx/Vivado/2023.1/data/xhub/boards/XilinxBoardStore/boards/Xilinx/kc705/1.6/board.xml as part xc7k325tffg900-2 specified in board_part file is either invalid or not available
WARNING: [Board 49-26] cannot add Board Part xilinx.com:kcu105:part0:1.6 available at C:/Xilinx/Vivado/2023.1/data/xhub/boards/XilinxBoardStore/boards/Xilinx/kcu105/1.6/board.xml as part xcku040-ffva1156-2-e specified in board_part file is either invalid or not available
WARNING: [Board 49-26] cannot add Board Part xilinx.com:kcu105:part0:1.7 available at C:/Xilinx/Vivado/2023.1/data/xhub/boards/XilinxBoardStore/boards/Xilinx/kcu105/1.7/board.xml as part xcku040-ffva1156-2-e specified in board_part file is either invalid or not available
WARNING: [Board 49-26] cannot add Board Part xilinx.com:kcu1500:part0:1.2 available at C:/Xilinx/Vivado/2023.1/data/xhub/boards/XilinxBoardStore/boards/Xilinx/kcu1500/1.2/board.xml as part xcku115-flvb2104-2-e specified in board_part file is either invalid or not available
WARNING: [Board 49-26] cannot add Board Part xilinx.com:vc707:part0:1.4 available at C:/Xilinx/Vivado/2023.1/data/xhub/boards/XilinxBoardStore/boards/Xilinx/vc707/1.4/board.xml as part xc7vx485tffg1761-2 specified in board_part file is either invalid or not available
WARNING: [Board 49-26] cannot add Board Part xilinx.com:vc709:part0:1.8 available at C:/Xilinx/Vivado/2023.1/data/xhub/boards/XilinxBoardStore/boards/Xilinx/vc709/1.8/board.xml as part xc7vx690tffg1761-2 specified in board_part file is either invalid or not available
WARNING: [Board 49-26] cannot add Board Part xilinx.com:vck190:part0:2.2 available at C:/Xilinx/Vivado/2023.1/data/xhub/boards/XilinxBoardStore/boards/Xilinx/vck190/production/2.2/board.xml as part xcvc1902-vsva2197-2mp-e-s specified in board_part file is either invalid or not available
WARNING: [Board 49-26] cannot add Board Part xilinx.com:vck190:part0:3.0 available at C:/Xilinx/Vivado/2023.1/data/xhub/boards/XilinxBoardStore/boards/Xilinx/vck190/production/3.0/board.xml as part xcvc1902-vsva2197-2mp-e-s specified in board_part file is either invalid or not available
WARNING: [Board 49-26] cannot add Board Part xilinx.com:vck190:part0:3.1 available at C:/Xilinx/Vivado/2023.1/data/xhub/boards/XilinxBoardStore/boards/Xilinx/vck190/production/3.1/board.xml as part xcvc1902-vsva2197-2mp-e-s specified in board_part file is either invalid or not available
WARNING: [Board 49-26] cannot add Board Part xilinx.com:vck190:part0:3.2 available at C:/Xilinx/Vivado/2023.1/data/xhub/boards/XilinxBoardStore/boards/Xilinx/vck190/production/3.2/board.xml as part xcvc1902-vsva2197-2mp-e-s specified in board_part file is either invalid or not available
WARNING: [Board 49-26] cannot add Board Part xilinx.com:vck190_newl:part0:1.0 available at C:/Xilinx/Vivado/2023.1/data/xhub/boards/XilinxBoardStore/boards/Xilinx/vck190_newl/production/1.0/board.xml as part xcvc1902-vsva2197-2mp-e-s specified in board_part file is either invalid or not available
WARNING: [Board 49-26] cannot add Board Part xilinx.com:vck190_newl:part0:1.1 available at C:/Xilinx/Vivado/2023.1/data/xhub/boards/XilinxBoardStore/boards/Xilinx/vck190_newl/production/1.1/board.xml as part xcvc1902-vsva2197-2mp-e-s specified in board_part file is either invalid or not available
WARNING: [Board 49-26] cannot add Board Part xilinx.com:vcu108:part0:1.6 available at C:/Xilinx/Vivado/2023.1/data/xhub/boards/XilinxBoardStore/boards/Xilinx/vcu108/1.6/board.xml as part xcvu095-ffva2104-2-e specified in board_part file is either invalid or not available
WARNING: [Board 49-26] cannot add Board Part xilinx.com:vcu108:part0:1.7 available at C:/Xilinx/Vivado/2023.1/data/xhub/boards/XilinxBoardStore/boards/Xilinx/vcu108/1.7/board.xml as part xcvu095-ffva2104-2-e specified in board_part file is either invalid or not available
WARNING: [Board 49-26] cannot add Board Part xilinx.com:vcu110:part0:1.4 available at C:/Xilinx/Vivado/2023.1/data/xhub/boards/XilinxBoardStore/boards/Xilinx/vcu110/1.4/board.xml as part xcvu190-flgc2104-2-e specified in board_part file is either invalid or not available
WARNING: [Board 49-26] cannot add Board Part xilinx.com:vcu118:part0:2.0 available at C:/Xilinx/Vivado/2023.1/data/xhub/boards/XilinxBoardStore/boards/Xilinx/vcu118/2.0/board.xml as part xcvu9p-flga2104-2l-e specified in board_part file is either invalid or not available
WARNING: [Board 49-26] cannot add Board Part xilinx.com:vcu118:part0:2.3 available at C:/Xilinx/Vivado/2023.1/data/xhub/boards/XilinxBoardStore/boards/Xilinx/vcu118/2.3/board.xml as part xcvu9p-flga2104-2l-e specified in board_part file is either invalid or not available
WARNING: [Board 49-26] cannot add Board Part xilinx.com:vcu118:part0:2.4 available at C:/Xilinx/Vivado/2023.1/data/xhub/boards/XilinxBoardStore/boards/Xilinx/vcu118/2.4/board.xml as part xcvu9p-flga2104-2l-e specified in board_part file is either invalid or not available
WARNING: [Board 49-26] cannot add Board Part xilinx.com:vcu129:part0:1.0 available at C:/Xilinx/Vivado/2023.1/data/xhub/boards/XilinxBoardStore/boards/Xilinx/vcu129/production/1.0/board.xml as part xcvu29p-fsga2577-2l-e specified in board_part file is either invalid or not available
WARNING: [Board 49-26] cannot add Board Part xilinx.com:vcu1525:part0:1.3 available at C:/Xilinx/Vivado/2023.1/data/xhub/boards/XilinxBoardStore/boards/Xilinx/vcu1525/1.3/board.xml as part xcvu9p-fsgd2104-2l-e specified in board_part file is either invalid or not available
WARNING: [Board 49-26] cannot add Board Part xilinx.com:vek280_es:part0:1.0 available at C:/Xilinx/Vivado/2023.1/data/xhub/boards/XilinxBoardStore/boards/Xilinx/vek280/es/rev_a/1.0/board.xml as part xcve2802-vsvh1760-2lp-e-s-es1 specified in board_part file is either invalid or not available
WARNING: [Board 49-26] cannot add Board Part xilinx.com:vek280_es:part0:1.1 available at C:/Xilinx/Vivado/2023.1/data/xhub/boards/XilinxBoardStore/boards/Xilinx/vek280/es/rev_a/1.1/board.xml as part xcve2802-vsvh1760-2lp-e-s-es1 specified in board_part file is either invalid or not available
WARNING: [Board 49-26] cannot add Board Part xilinx.com:vek280_es_revb:part0:1.0 available at C:/Xilinx/Vivado/2023.1/data/xhub/boards/XilinxBoardStore/boards/Xilinx/vek280/es/rev_b/1.0/board.xml as part xcve2802-vsvh1760-2mp-e-s-es1 specified in board_part file is either invalid or not available
WARNING: [Board 49-26] cannot add Board Part xilinx.com:vek280_es_revb:part0:1.1 available at C:/Xilinx/Vivado/2023.1/data/xhub/boards/XilinxBoardStore/boards/Xilinx/vek280/es/rev_b/1.1/board.xml as part xcve2802-vsvh1760-2mp-e-s-es1 specified in board_part file is either invalid or not available
WARNING: [Board 49-26] cannot add Board Part xilinx.com:vermeo_t1_mpsoc:part0:1.0 available at C:/Xilinx/Vivado/2023.1/data/xhub/boards/XilinxBoardStore/boards/Xilinx/vermeo_t1_mpsoc/1.0/board.xml as part xczu19eg-ffvd1760-2l-e specified in board_part file is either invalid or not available
WARNING: [Board 49-26] cannot add Board Part xilinx.com:vermeo_t1_rfsoc:part0:1.0 available at C:/Xilinx/Vivado/2023.1/data/xhub/boards/XilinxBoardStore/boards/Xilinx/vermeo_t1_rfsoc/1.0/board.xml as part xczu21dr-ffvd1156-2l-e specified in board_part file is either invalid or not available
WARNING: [Board 49-26] cannot add Board Part xilinx.com:vhk158:part0:1.0 available at C:/Xilinx/Vivado/2023.1/data/xhub/boards/XilinxBoardStore/boards/Xilinx/vhk158/production/1.0/board.xml as part xcvh1582-vsva3697-2mp-e-s specified in board_part file is either invalid or not available
WARNING: [Board 49-26] cannot add Board Part xilinx.com:vhk158_es:part0:1.0 available at C:/Xilinx/Vivado/2023.1/data/xhub/boards/XilinxBoardStore/boards/Xilinx/vhk158/es/1.0/board.xml as part xcvh1582-vsva3697-2mp-e-s-es1 specified in board_part file is either invalid or not available
WARNING: [Board 49-26] cannot add Board Part xilinx.com:vhk158_es:part0:1.1 available at C:/Xilinx/Vivado/2023.1/data/xhub/boards/XilinxBoardStore/boards/Xilinx/vhk158/es/1.1/board.xml as part xcvh1582-vsva3697-2mp-e-s-es1 specified in board_part file is either invalid or not available
WARNING: [Board 49-26] cannot add Board Part xilinx.com:vmk180:part0:2.2 available at C:/Xilinx/Vivado/2023.1/data/xhub/boards/XilinxBoardStore/boards/Xilinx/vmk180/production/2.2/board.xml as part xcvm1802-vsva2197-2mp-e-s specified in board_part file is either invalid or not available
WARNING: [Board 49-26] cannot add Board Part xilinx.com:vmk180:part0:3.0 available at C:/Xilinx/Vivado/2023.1/data/xhub/boards/XilinxBoardStore/boards/Xilinx/vmk180/production/3.0/board.xml as part xcvm1802-vsva2197-2mp-e-s specified in board_part file is either invalid or not available
WARNING: [Board 49-26] cannot add Board Part xilinx.com:vmk180:part0:3.1 available at C:/Xilinx/Vivado/2023.1/data/xhub/boards/XilinxBoardStore/boards/Xilinx/vmk180/production/3.1/board.xml as part xcvm1802-vsva2197-2mp-e-s specified in board_part file is either invalid or not available
WARNING: [Board 49-26] cannot add Board Part xilinx.com:vmk180:part0:3.2 available at C:/Xilinx/Vivado/2023.1/data/xhub/boards/XilinxBoardStore/boards/Xilinx/vmk180/production/3.2/board.xml as part xcvm1802-vsva2197-2mp-e-s specified in board_part file is either invalid or not available
WARNING: [Board 49-26] cannot add Board Part xilinx.com:vmk180_newl:part0:1.0 available at C:/Xilinx/Vivado/2023.1/data/xhub/boards/XilinxBoardStore/boards/Xilinx/vmk180_newl/production/1.0/board.xml as part xcvm1802-vsva2197-2mp-e-s specified in board_part file is either invalid or not available
WARNING: [Board 49-26] cannot add Board Part xilinx.com:vmk180_newl:part0:1.1 available at C:/Xilinx/Vivado/2023.1/data/xhub/boards/XilinxBoardStore/boards/Xilinx/vmk180_newl/production/1.1/board.xml as part xcvm1802-vsva2197-2mp-e-s specified in board_part file is either invalid or not available
WARNING: [Board 49-26] cannot add Board Part xilinx.com:vpk120:part0:1.0 available at C:/Xilinx/Vivado/2023.1/data/xhub/boards/XilinxBoardStore/boards/Xilinx/vpk120/production/1.0/board.xml as part xcvp1202-vsva2785-2mp-e-s specified in board_part file is either invalid or not available
WARNING: [Board 49-26] cannot add Board Part xilinx.com:vpk120:part0:1.1 available at C:/Xilinx/Vivado/2023.1/data/xhub/boards/XilinxBoardStore/boards/Xilinx/vpk120/production/1.1/board.xml as part xcvp1202-vsva2785-2mp-e-s specified in board_part file is either invalid or not available
WARNING: [Board 49-26] cannot add Board Part xilinx.com:vpk120_es:part0:1.2 available at C:/Xilinx/Vivado/2023.1/data/xhub/boards/XilinxBoardStore/boards/Xilinx/vpk120/es/1.2/board.xml as part xcvp1202-vsva2785-2mp-e-s-es1 specified in board_part file is either invalid or not available
WARNING: [Board 49-26] cannot add Board Part xilinx.com:vpk120_es:part0:1.3 available at C:/Xilinx/Vivado/2023.1/data/xhub/boards/XilinxBoardStore/boards/Xilinx/vpk120/es/1.3/board.xml as part xcvp1202-vsva2785-2mp-e-s-es1 specified in board_part file is either invalid or not available
WARNING: [Board 49-26] cannot add Board Part xilinx.com:vpk120_es_revb:part0:1.0 available at C:/Xilinx/Vivado/2023.1/data/xhub/boards/XilinxBoardStore/boards/Xilinx/vpk120_revb/es/1.0/board.xml as part xcvp1202-vsva2785-2mp-e-s-es1 specified in board_part file is either invalid or not available
WARNING: [Board 49-26] cannot add Board Part xilinx.com:vpk120_es_revb:part0:1.1 available at C:/Xilinx/Vivado/2023.1/data/xhub/boards/XilinxBoardStore/boards/Xilinx/vpk120_revb/es/1.1/board.xml as part xcvp1202-vsva2785-2mp-e-s-es1 specified in board_part file is either invalid or not available
WARNING: [Board 49-26] cannot add Board Part xilinx.com:vpk180:part0:1.0 available at C:/Xilinx/Vivado/2023.1/data/xhub/boards/XilinxBoardStore/boards/Xilinx/vpk180/production/1.0/board.xml as part xcvp1802-lsvc4072-2mp-e-s specified in board_part file is either invalid or not available
WARNING: [Board 49-26] cannot add Board Part xilinx.com:vpk180:part0:1.1 available at C:/Xilinx/Vivado/2023.1/data/xhub/boards/XilinxBoardStore/boards/Xilinx/vpk180/production/1.1/board.xml as part xcvp1802-lsvc4072-2mp-e-s specified in board_part file is either invalid or not available
WARNING: [Board 49-26] cannot add Board Part xilinx.com:vpk180_es:part0:1.0 available at C:/Xilinx/Vivado/2023.1/data/xhub/boards/XilinxBoardStore/boards/Xilinx/vpk180/es/1.0/board.xml as part xcvp1802-lsvc4072-2mp-e-s-es1 specified in board_part file is either invalid or not available
WARNING: [Board 49-26] cannot add Board Part xilinx.com:vpk180_es:part0:1.1 available at C:/Xilinx/Vivado/2023.1/data/xhub/boards/XilinxBoardStore/boards/Xilinx/vpk180/es/1.1/board.xml as part xcvp1802-lsvc4072-2mp-e-s-es1 specified in board_part file is either invalid or not available
WARNING: [Board 49-26] cannot add Board Part xilinx.com:zc706:part0:1.4 available at C:/Xilinx/Vivado/2023.1/data/xhub/boards/XilinxBoardStore/boards/Xilinx/zc706/1.4/board.xml as part xc7z045ffg900-2 specified in board_part file is either invalid or not available
WARNING: [Board 49-26] cannot add Board Part xilinx.com:zcu102:part0:3.3 available at C:/Xilinx/Vivado/2023.1/data/xhub/boards/XilinxBoardStore/boards/Xilinx/zcu102/3.3/board.xml as part xczu9eg-ffvb1156-2-e specified in board_part file is either invalid or not available
WARNING: [Board 49-26] cannot add Board Part xilinx.com:zcu102:part0:3.4 available at C:/Xilinx/Vivado/2023.1/data/xhub/boards/XilinxBoardStore/boards/Xilinx/zcu102/3.4/board.xml as part xczu9eg-ffvb1156-2-e specified in board_part file is either invalid or not available
WARNING: [Board 49-26] cannot add Board Part xilinx.com:zcu111:part0:1.2 available at C:/Xilinx/Vivado/2023.1/data/xhub/boards/XilinxBoardStore/boards/Xilinx/zcu111/1.2/board.xml as part xczu28dr-ffvg1517-2-e specified in board_part file is either invalid or not available
WARNING: [Board 49-26] cannot add Board Part xilinx.com:zcu111:part0:1.3 available at C:/Xilinx/Vivado/2023.1/data/xhub/boards/XilinxBoardStore/boards/Xilinx/zcu111/1.3/board.xml as part xczu28dr-ffvg1517-2-e specified in board_part file is either invalid or not available
WARNING: [Board 49-26] cannot add Board Part xilinx.com:zcu111:part0:1.4 available at C:/Xilinx/Vivado/2023.1/data/xhub/boards/XilinxBoardStore/boards/Xilinx/zcu111/1.4/board.xml as part xczu28dr-ffvg1517-2-e specified in board_part file is either invalid or not available
WARNING: [Board 49-26] cannot add Board Part xilinx.com:zcu1275:part0:1.0 available at C:/Xilinx/Vivado/2023.1/data/xhub/boards/XilinxBoardStore/boards/Xilinx/zcu1275/1.0/board.xml as part xczu29dr-ffvf1760-2-e specified in board_part file is either invalid or not available
WARNING: [Board 49-26] cannot add Board Part xilinx.com:zcu1285:part0:1.0 available at C:/Xilinx/Vivado/2023.1/data/xhub/boards/XilinxBoardStore/boards/Xilinx/zcu1285/1.0/board.xml as part xczu39dr-ffvf1760-2-i specified in board_part file is either invalid or not available
WARNING: [Board 49-26] cannot add Board Part xilinx.com:zcu208:part0:2.0 available at C:/Xilinx/Vivado/2023.1/data/xhub/boards/XilinxBoardStore/boards/Xilinx/zcu208/production/2.0/board.xml as part xczu48dr-fsvg1517-2-e specified in board_part file is either invalid or not available
WARNING: [Board 49-26] cannot add Board Part xilinx.com:zcu208ld:part0:2.0 available at C:/Xilinx/Vivado/2023.1/data/xhub/boards/XilinxBoardStore/boards/Xilinx/zcu208ld/production/2.0/board.xml as part xczu58dr-fsvg1517-2-i specified in board_part file is either invalid or not available
WARNING: [Board 49-26] cannot add Board Part xilinx.com:zcu216:part0:2.0 available at C:/Xilinx/Vivado/2023.1/data/xhub/boards/XilinxBoardStore/boards/Xilinx/zcu216/production/2.0/board.xml as part xczu49dr-ffvf1760-2-e specified in board_part file is either invalid or not available
WARNING: [Board 49-26] cannot add Board Part xilinx.com:zcu216ld:part0:2.0 available at C:/Xilinx/Vivado/2023.1/data/xhub/boards/XilinxBoardStore/boards/Xilinx/zcu216ld/production/2.0/board.xml as part xczu59dr-ffvf1760-2-i specified in board_part file is either invalid or not available
WARNING: [Board 49-26] cannot add Board Part xilinx.com:zcu670:part0:2.0 available at C:/Xilinx/Vivado/2023.1/data/xhub/boards/XilinxBoardStore/boards/Xilinx/zcu670/2.0/board.xml as part xczu67dr-fsve1156-2-i specified in board_part file is either invalid or not available
WARNING: [Board 49-26] cannot add Board Part xilinx.com:zcu670ld:part0:1.0 available at C:/Xilinx/Vivado/2023.1/data/xhub/boards/XilinxBoardStore/boards/Xilinx/zcu670ld/1.0/board.xml as part xczu57dr-fsve1156-2-i specified in board_part file is either invalid or not available
INFO: [filemgmt 56-3] Default IP Output Path : Could not find the directory 'C:/Users/22770/Desktop/Low Power FPGA/Project/Final-Project/Final-Project.gen/sources_1'.
Scanning sources...
Finished scanning sources
INFO: [IP_Flow 19-234] Refreshing IP repositories
INFO: [IP_Flow 19-1704] No user IP repositories specified
INFO: [IP_Flow 19-2313] Loaded Vivado IP repository 'C:/Xilinx/Vivado/2023.1/data/ip'.
open_project: Time (s): cpu = 00:00:04 ; elapsed = 00:00:12 . Memory (MB): peak = 1507.625 ; gain = 186.641
launch_simulation
Command: launch_simulation 
INFO: [Vivado 12-12493] Simulation top is 'top_tb'
WARNING: [Vivado 12-13340] Unable to auto find GCC executables from simulator install path! (path not set)
INFO: [Vivado 12-5682] Launching behavioral simulation in 'C:/Users/22770/Desktop/Low Power FPGA/Project/Final-Project/Final-Project.sim/sim_1/behav/xsim'
INFO: [SIM-utils-51] Simulation object is 'sim_1'
INFO: [SIM-utils-72] Using boost library from 'C:/Xilinx/Vivado/2023.1/tps/boost_1_72_0'
INFO: [SIM-utils-54] Inspecting design source files for 'top_tb' in fileset 'sim_1'...
INFO: [USF-XSim-97] Finding global include files...
INFO: [USF-XSim-100] Fetching design files from 'sources_1'...(this may take a while)...
INFO: [USF-XSim-101] Fetching design files from 'sim_1'...
INFO: [USF-XSim-2] XSim::Compile design
INFO: [USF-XSim-61] Executing 'COMPILE and ANALYZE' step in 'C:/Users/22770/Desktop/Low Power FPGA/Project/Final-Project/Final-Project.sim/sim_1/behav/xsim'
"xvlog --incr --relax -prj top_tb_vlog.prj"
ECHO 处于关闭状态。
ECHO 处于关闭状态。
INFO: [VRFC 10-2263] Analyzing Verilog file "C:/Users/22770/Desktop/Low Power FPGA/Project/Final-Project/Final-Project.srcs/sources_1/new/neuron.v" into library xil_defaultlib
INFO: [VRFC 10-311] analyzing module neuron
INFO: [VRFC 10-2263] Analyzing Verilog file "C:/Users/22770/Desktop/Low Power FPGA/Project/Final-Project/Final-Project.srcs/sources_1/new/relu.v" into library xil_defaultlib
INFO: [VRFC 10-311] analyzing module relu
INFO: [VRFC 10-2263] Analyzing Verilog file "C:/Users/22770/Desktop/Low Power FPGA/Project/Final-Project/Final-Project.srcs/sources_1/new/top.v" into library xil_defaultlib
INFO: [VRFC 10-311] analyzing module top
INFO: [VRFC 10-2263] Analyzing Verilog file "C:/Users/22770/Desktop/Low Power FPGA/Project/Final-Project/Final-Project.srcs/sources_1/new/neuron2.v" into library xil_defaultlib
INFO: [VRFC 10-311] analyzing module neuron2
INFO: [VRFC 10-2263] Analyzing Verilog file "C:/Users/22770/Desktop/Low Power FPGA/Project/Final-Project/Final-Project.srcs/sources_1/new/dec7seg.v" into library xil_defaultlib
INFO: [VRFC 10-311] analyzing module dec7seg
INFO: [VRFC 10-2263] Analyzing Verilog file "C:/Users/22770/Desktop/Low Power FPGA/Project/Final-Project/Final-Project.srcs/sources_1/new/clk_divider.v" into library xil_defaultlib
INFO: [VRFC 10-311] analyzing module clk_divider
INFO: [VRFC 10-2263] Analyzing Verilog file "C:/Users/22770/Desktop/Low Power FPGA/Project/Final-Project/Final-Project.srcs/sim_1/new/top_tb.v" into library xil_defaultlib
INFO: [VRFC 10-311] analyzing module top_tb
INFO: [VRFC 10-2263] Analyzing Verilog file "C:/Users/22770/Desktop/Low Power FPGA/Project/Final-Project/Final-Project.srcs/sim_1/new/test_bench.v" into library xil_defaultlib
INFO: [VRFC 10-311] analyzing module test_bench
INFO: [VRFC 10-2263] Analyzing Verilog file "C:/Users/22770/Desktop/Low Power FPGA/Project/Final-Project/Final-Project.srcs/sim_1/new/neuron_tb.v" into library xil_defaultlib
INFO: [VRFC 10-311] analyzing module neuron_tb
INFO: [USF-XSim-69] 'compile' step finished in '3' seconds
INFO: [USF-XSim-3] XSim::Elaborate design
INFO: [USF-XSim-61] Executing 'ELABORATE' step in 'C:/Users/22770/Desktop/Low Power FPGA/Project/Final-Project/Final-Project.sim/sim_1/behav/xsim'
"xelab --incr --debug typical --relax --mt 2 -L xil_defaultlib -L unisims_ver -L unimacro_ver -L secureip --snapshot top_tb_behav xil_defaultlib.top_tb xil_defaultlib.glbl -log elaborate.log"
ECHO 处于关闭状态。
ECHO 处于关闭状态。
Vivado Simulator v2023.1
Copyright 1986-2022 Xilinx, Inc. All Rights Reserved.
Copyright 2022-2023 Advanced Micro Devices, Inc. All Rights Reserved.
Running: C:/Xilinx/Vivado/2023.1/bin/unwrapped/win64.o/xelab.exe --incr --debug typical --relax --mt 2 -L xil_defaultlib -L unisims_ver -L unimacro_ver -L secureip --snapshot top_tb_behav xil_defaultlib.top_tb xil_defaultlib.glbl -log elaborate.log 
Using 2 slave threads.
Starting static elaboration
Pass Through NonSizing Optimizer
WARNING: [VRFC 10-3091] actual bit length 9 differs from formal bit length 8 for port 'pixel_input' [C:/Users/22770/Desktop/Low Power FPGA/Project/Final-Project/Final-Project.srcs/sim_1/new/top_tb.v:200]
WARNING: [VRFC 10-3091] actual bit length 2 differs from formal bit length 1 for port 'wr_en' [C:/Users/22770/Desktop/Low Power FPGA/Project/Final-Project/Final-Project.srcs/sources_1/new/neuron.v:119]
Completed static elaboration
Starting simulation data flow analysis
Completed simulation data flow analysis
Time Resolution for simulation is 1ps
Compiling module xil_defaultlib.relu
Compiling module xil_defaultlib.neuron
Compiling module xil_defaultlib.neuron2
Compiling module xil_defaultlib.top_tb
Compiling module xil_defaultlib.glbl
Built simulation snapshot top_tb_behav
INFO: [USF-XSim-69] 'elaborate' step finished in '3' seconds
INFO: [USF-XSim-4] XSim::Simulate design
INFO: [USF-XSim-61] Executing 'SIMULATE' step in 'C:/Users/22770/Desktop/Low Power FPGA/Project/Final-Project/Final-Project.sim/sim_1/behav/xsim'
INFO: [USF-XSim-98] *** Running xsim
   with args "top_tb_behav -key {Behavioral:sim_1:Functional:top_tb} -tclbatch {top_tb.tcl} -view {{C:/Users/22770/Desktop/Low Power FPGA/Project/Final-Project/top_tb_behav.wcfg}} -log {simulate.log}"
INFO: [USF-XSim-8] Loading simulator feature
Time resolution is 1 ps
open_wave_config {C:/Users/22770/Desktop/Low Power FPGA/Project/Final-Project/top_tb_behav.wcfg}
source top_tb.tcl
# set curr_wave [current_wave_config]
# if { [string length $curr_wave] == 0 } {
#   if { [llength [get_objects]] > 0} {
#     add_wave /
#     set_property needs_save false [current_wave_config]
#   } else {
#      send_msg_id Add_Wave-1 WARNING "No top level signals found. Simulator will start without a wave window. If you want to open a wave window go to 'File->New Waveform Configuration' or type 'create_wave_config' in the TCL console."
#   }
# }
# run 1000ns
INFO: [USF-XSim-96] XSim completed. Design snapshot 'top_tb_behav' loaded.
INFO: [USF-XSim-97] XSim simulation ran for 1000ns
launch_simulation: Time (s): cpu = 00:00:02 ; elapsed = 00:00:10 . Memory (MB): peak = 1598.004 ; gain = 71.160
restart
INFO: [Wavedata 42-604] Simulation restarted
run 1.6 ms
close_sim
INFO: [Simtcl 6-16] Simulation closed
launch_simulation
Command: launch_simulation 
INFO: [Vivado 12-12493] Simulation top is 'top_tb'
WARNING: [Vivado 12-13340] Unable to auto find GCC executables from simulator install path! (path not set)
INFO: [Vivado 12-5682] Launching behavioral simulation in 'C:/Users/22770/Desktop/Low Power FPGA/Project/Final-Project/Final-Project.sim/sim_1/behav/xsim'
INFO: [SIM-utils-51] Simulation object is 'sim_1'
INFO: [SIM-utils-72] Using boost library from 'C:/Xilinx/Vivado/2023.1/tps/boost_1_72_0'
INFO: [SIM-utils-54] Inspecting design source files for 'top_tb' in fileset 'sim_1'...
INFO: [USF-XSim-97] Finding global include files...
INFO: [USF-XSim-100] Fetching design files from 'sources_1'...(this may take a while)...
INFO: [USF-XSim-101] Fetching design files from 'sim_1'...
INFO: [USF-XSim-2] XSim::Compile design
INFO: [USF-XSim-61] Executing 'COMPILE and ANALYZE' step in 'C:/Users/22770/Desktop/Low Power FPGA/Project/Final-Project/Final-Project.sim/sim_1/behav/xsim'
"xvlog --incr --relax -prj top_tb_vlog.prj"
ECHO 处于关闭状态。
ECHO 处于关闭状态。
INFO: [VRFC 10-2263] Analyzing Verilog file "C:/Users/22770/Desktop/Low Power FPGA/Project/Final-Project/Final-Project.srcs/sources_1/new/neuron.v" into library xil_defaultlib
INFO: [VRFC 10-311] analyzing module neuron
INFO: [VRFC 10-2263] Analyzing Verilog file "C:/Users/22770/Desktop/Low Power FPGA/Project/Final-Project/Final-Project.srcs/sources_1/new/relu.v" into library xil_defaultlib
INFO: [VRFC 10-311] analyzing module relu
INFO: [VRFC 10-2263] Analyzing Verilog file "C:/Users/22770/Desktop/Low Power FPGA/Project/Final-Project/Final-Project.srcs/sources_1/new/top.v" into library xil_defaultlib
INFO: [VRFC 10-311] analyzing module top
INFO: [VRFC 10-2263] Analyzing Verilog file "C:/Users/22770/Desktop/Low Power FPGA/Project/Final-Project/Final-Project.srcs/sources_1/new/neuron2.v" into library xil_defaultlib
INFO: [VRFC 10-311] analyzing module neuron2
INFO: [VRFC 10-2263] Analyzing Verilog file "C:/Users/22770/Desktop/Low Power FPGA/Project/Final-Project/Final-Project.srcs/sources_1/new/dec7seg.v" into library xil_defaultlib
INFO: [VRFC 10-311] analyzing module dec7seg
INFO: [VRFC 10-2263] Analyzing Verilog file "C:/Users/22770/Desktop/Low Power FPGA/Project/Final-Project/Final-Project.srcs/sources_1/new/clk_divider.v" into library xil_defaultlib
INFO: [VRFC 10-311] analyzing module clk_divider
INFO: [VRFC 10-2263] Analyzing Verilog file "C:/Users/22770/Desktop/Low Power FPGA/Project/Final-Project/Final-Project.srcs/sim_1/new/top_tb.v" into library xil_defaultlib
INFO: [VRFC 10-311] analyzing module top_tb
INFO: [VRFC 10-2263] Analyzing Verilog file "C:/Users/22770/Desktop/Low Power FPGA/Project/Final-Project/Final-Project.srcs/sim_1/new/test_bench.v" into library xil_defaultlib
INFO: [VRFC 10-311] analyzing module test_bench
INFO: [VRFC 10-2263] Analyzing Verilog file "C:/Users/22770/Desktop/Low Power FPGA/Project/Final-Project/Final-Project.srcs/sim_1/new/neuron_tb.v" into library xil_defaultlib
INFO: [VRFC 10-311] analyzing module neuron_tb
INFO: [USF-XSim-69] 'compile' step finished in '2' seconds
INFO: [USF-XSim-3] XSim::Elaborate design
INFO: [USF-XSim-61] Executing 'ELABORATE' step in 'C:/Users/22770/Desktop/Low Power FPGA/Project/Final-Project/Final-Project.sim/sim_1/behav/xsim'
"xelab --incr --debug typical --relax --mt 2 -L xil_defaultlib -L unisims_ver -L unimacro_ver -L secureip --snapshot top_tb_behav xil_defaultlib.top_tb xil_defaultlib.glbl -log elaborate.log"
ECHO 处于关闭状态。
ECHO 处于关闭状态。
Vivado Simulator v2023.1
Copyright 1986-2022 Xilinx, Inc. All Rights Reserved.
Copyright 2022-2023 Advanced Micro Devices, Inc. All Rights Reserved.
Running: C:/Xilinx/Vivado/2023.1/bin/unwrapped/win64.o/xelab.exe --incr --debug typical --relax --mt 2 -L xil_defaultlib -L unisims_ver -L unimacro_ver -L secureip --snapshot top_tb_behav xil_defaultlib.top_tb xil_defaultlib.glbl -log elaborate.log 
Using 2 slave threads.
Starting static elaboration
Pass Through NonSizing Optimizer
WARNING: [VRFC 10-3091] actual bit length 9 differs from formal bit length 8 for port 'pixel_input' [C:/Users/22770/Desktop/Low Power FPGA/Project/Final-Project/Final-Project.srcs/sim_1/new/top_tb.v:200]
WARNING: [VRFC 10-3091] actual bit length 2 differs from formal bit length 1 for port 'wr_en' [C:/Users/22770/Desktop/Low Power FPGA/Project/Final-Project/Final-Project.srcs/sources_1/new/neuron.v:119]
Completed static elaboration
Starting simulation data flow analysis
Completed simulation data flow analysis
Time Resolution for simulation is 1ps
Compiling module xil_defaultlib.relu
Compiling module xil_defaultlib.neuron
Compiling module xil_defaultlib.neuron2
Compiling module xil_defaultlib.top_tb
Compiling module xil_defaultlib.glbl
Built simulation snapshot top_tb_behav
INFO: [USF-XSim-69] 'elaborate' step finished in '2' seconds
INFO: [USF-XSim-4] XSim::Simulate design
INFO: [USF-XSim-61] Executing 'SIMULATE' step in 'C:/Users/22770/Desktop/Low Power FPGA/Project/Final-Project/Final-Project.sim/sim_1/behav/xsim'
INFO: [USF-XSim-98] *** Running xsim
   with args "top_tb_behav -key {Behavioral:sim_1:Functional:top_tb} -tclbatch {top_tb.tcl} -view {{C:/Users/22770/Desktop/Low Power FPGA/Project/Final-Project/top_tb_behav.wcfg}} -log {simulate.log}"
INFO: [USF-XSim-8] Loading simulator feature
Time resolution is 1 ps
open_wave_config {C:/Users/22770/Desktop/Low Power FPGA/Project/Final-Project/top_tb_behav.wcfg}
source top_tb.tcl
# set curr_wave [current_wave_config]
# if { [string length $curr_wave] == 0 } {
#   if { [llength [get_objects]] > 0} {
#     add_wave /
#     set_property needs_save false [current_wave_config]
#   } else {
#      send_msg_id Add_Wave-1 WARNING "No top level signals found. Simulator will start without a wave window. If you want to open a wave window go to 'File->New Waveform Configuration' or type 'create_wave_config' in the TCL console."
#   }
# }
# run 1000ns
INFO: [USF-XSim-96] XSim completed. Design snapshot 'top_tb_behav' loaded.
INFO: [USF-XSim-97] XSim simulation ran for 1000ns
launch_simulation: Time (s): cpu = 00:00:01 ; elapsed = 00:00:07 . Memory (MB): peak = 1633.832 ; gain = 0.000
restart
INFO: [Wavedata 42-604] Simulation restarted
run 1.6 ms
reset_run synth_1
INFO: [Project 1-1161] Replacing file C:/Users/22770/Desktop/Low Power FPGA/Project/Final-Project/Final-Project.srcs/utils_1/imports/synth_1/top.dcp with file C:/Users/22770/Desktop/Low Power FPGA/Project/Final-Project/Final-Project.runs/synth_1/top.dcp
WARNING: [Vivado 12-1017] Problems encountered:
1. Failed to delete one or more files in run directory C:/Users/22770/Desktop/Low Power FPGA/Project/Final-Project/Final-Project.runs/synth_1

launch_runs synth_1 -jobs 20
[Mon Dec 11 00:33:54 2023] Launched synth_1...
Run output will be captured here: C:/Users/22770/Desktop/Low Power FPGA/Project/Final-Project/Final-Project.runs/synth_1/runme.log
WARNING: [IP_Flow 19-4067] Ignoring invalid widget type specified checkbox.Providing a default widget
restart
INFO: [Wavedata 42-604] Simulation restarted
run 1.6 ms
run 1.6 ms
run 1.6 ms
launch_runs impl_1 -jobs 20
[Mon Dec 11 00:41:23 2023] Launched impl_1...
Run output will be captured here: C:/Users/22770/Desktop/Low Power FPGA/Project/Final-Project/Final-Project.runs/impl_1/runme.log
run 1.6 ms
run 1.6 ms
run 1.6 ms
run 1.6 ms
run 1.6 ms
run 1.6 ms
run 1.6 ms
run 1.6 ms
run 1.6 ms
launch_runs impl_1 -to_step write_bitstream -jobs 20
[Mon Dec 11 00:44:48 2023] Launched impl_1...
Run output will be captured here: C:/Users/22770/Desktop/Low Power FPGA/Project/Final-Project/Final-Project.runs/impl_1/runme.log
open_hw_manager
connect_hw_server -allow_non_jtag
INFO: [Labtools 27-2285] Connecting to hw_server url TCP:localhost:3121
INFO: [Labtools 27-2222] Launching hw_server...
INFO: [Labtools 27-2221] Launch Output:
ECHO 处于关闭状态。
ECHO 处于关闭状态。

****** Xilinx hw_server v2023.1
  **** Build date : May  7 2023 at 15:26:57
    ** Copyright 1986-2022 Xilinx, Inc. All Rights Reserved.


INFO: [Labtools 27-3415] Connecting to cs_server url TCP:localhost:0
INFO: [Labtools 27-3417] Launching cs_server...
INFO: [Labtools 27-2221] Launch Output:
ECHO 处于关闭状态。
ECHO 处于关闭状态。


******** Xilinx cs_server v2023.1.0
  ****** Build date   : Apr 10 2023-11:59:24
    **** Build number : 2023.1.1681142364
      ** Copyright 2017-2022 Xilinx, Inc. All Rights Reserved.
      ** Copyright 2022-2023 Advanced Micro Devices, Inc. All Rights Reserved.



connect_hw_server: Time (s): cpu = 00:00:00 ; elapsed = 00:00:07 . Memory (MB): peak = 1759.992 ; gain = 0.000
disconnect_hw_server localhost:3121
connect_hw_server -allow_non_jtag
INFO: [Labtools 27-2285] Connecting to hw_server url TCP:localhost:3121
INFO: [Labtools 27-3415] Connecting to cs_server url TCP:localhost:0
INFO: [Labtools 27-3417] Launching cs_server...
INFO: [Labtools 27-2221] Launch Output:
ECHO 处于关闭状态。
ECHO 处于关闭状态。


******** Xilinx cs_server v2023.1.0
  ****** Build date   : Apr 10 2023-11:59:24
    **** Build number : 2023.1.1681142364
      ** Copyright 2017-2022 Xilinx, Inc. All Rights Reserved.
      ** Copyright 2022-2023 Advanced Micro Devices, Inc. All Rights Reserved.



open_hw_target
INFO: [Labtoolstcl 44-466] Opening hw_target localhost:3121/xilinx_tcf/Digilent/210292B9CD4BA
set_property PROGRAM.FILE {C:/Users/22770/Desktop/Low Power FPGA/Project/Final-Project/Final-Project.runs/impl_1/top.bit} [get_hw_devices xc7a100t_0]
current_hw_device [get_hw_devices xc7a100t_0]
refresh_hw_device -update_hw_probes false [lindex [get_hw_devices xc7a100t_0] 0]
INFO: [Labtools 27-1435] Device xc7a100t (JTAG device index = 0) is not programmed (DONE status = 0).
set_property PROBES.FILE {} [get_hw_devices xc7a100t_0]
set_property FULL_PROBES.FILE {} [get_hw_devices xc7a100t_0]
set_property PROGRAM.FILE {C:/Users/22770/Desktop/Low Power FPGA/Project/Final-Project/Final-Project.runs/impl_1/top.bit} [get_hw_devices xc7a100t_0]
program_hw_devices [get_hw_devices xc7a100t_0]
INFO: [Labtools 27-3164] End of startup status: HIGH
refresh_hw_device [lindex [get_hw_devices xc7a100t_0] 0]
INFO: [Labtools 27-1434] Device xc7a100t (JTAG device index = 0) is programmed with a design that has no supported debug core(s) in it.
close_hw_manager
close_sim
INFO: [Simtcl 6-16] Simulation closed
launch_simulation
Command: launch_simulation 
INFO: [Vivado 12-12493] Simulation top is 'top_tb'
WARNING: [Vivado 12-13340] Unable to auto find GCC executables from simulator install path! (path not set)
INFO: [Vivado 12-5682] Launching behavioral simulation in 'C:/Users/22770/Desktop/Low Power FPGA/Project/Final-Project/Final-Project.sim/sim_1/behav/xsim'
INFO: [SIM-utils-51] Simulation object is 'sim_1'
INFO: [SIM-utils-72] Using boost library from 'C:/Xilinx/Vivado/2023.1/tps/boost_1_72_0'
INFO: [SIM-utils-54] Inspecting design source files for 'top_tb' in fileset 'sim_1'...
INFO: [USF-XSim-97] Finding global include files...
INFO: [USF-XSim-100] Fetching design files from 'sources_1'...(this may take a while)...
INFO: [USF-XSim-101] Fetching design files from 'sim_1'...
INFO: [USF-XSim-2] XSim::Compile design
INFO: [USF-XSim-61] Executing 'COMPILE and ANALYZE' step in 'C:/Users/22770/Desktop/Low Power FPGA/Project/Final-Project/Final-Project.sim/sim_1/behav/xsim'
"xvlog --incr --relax -prj top_tb_vlog.prj"
ECHO 处于关闭状态。
ECHO 处于关闭状态。
INFO: [VRFC 10-2263] Analyzing Verilog file "C:/Users/22770/Desktop/Low Power FPGA/Project/Final-Project/Final-Project.srcs/sources_1/new/neuron.v" into library xil_defaultlib
INFO: [VRFC 10-311] analyzing module neuron
INFO: [VRFC 10-2263] Analyzing Verilog file "C:/Users/22770/Desktop/Low Power FPGA/Project/Final-Project/Final-Project.srcs/sources_1/new/relu.v" into library xil_defaultlib
INFO: [VRFC 10-311] analyzing module relu
INFO: [VRFC 10-2263] Analyzing Verilog file "C:/Users/22770/Desktop/Low Power FPGA/Project/Final-Project/Final-Project.srcs/sources_1/new/top.v" into library xil_defaultlib
INFO: [VRFC 10-311] analyzing module top
INFO: [VRFC 10-2263] Analyzing Verilog file "C:/Users/22770/Desktop/Low Power FPGA/Project/Final-Project/Final-Project.srcs/sources_1/new/neuron2.v" into library xil_defaultlib
INFO: [VRFC 10-311] analyzing module neuron2
INFO: [VRFC 10-2263] Analyzing Verilog file "C:/Users/22770/Desktop/Low Power FPGA/Project/Final-Project/Final-Project.srcs/sources_1/new/dec7seg.v" into library xil_defaultlib
INFO: [VRFC 10-311] analyzing module dec7seg
INFO: [VRFC 10-2263] Analyzing Verilog file "C:/Users/22770/Desktop/Low Power FPGA/Project/Final-Project/Final-Project.srcs/sources_1/new/clk_divider.v" into library xil_defaultlib
INFO: [VRFC 10-311] analyzing module clk_divider
INFO: [VRFC 10-2263] Analyzing Verilog file "C:/Users/22770/Desktop/Low Power FPGA/Project/Final-Project/Final-Project.srcs/sim_1/new/top_tb.v" into library xil_defaultlib
INFO: [VRFC 10-311] analyzing module top_tb
INFO: [VRFC 10-2263] Analyzing Verilog file "C:/Users/22770/Desktop/Low Power FPGA/Project/Final-Project/Final-Project.srcs/sim_1/new/test_bench.v" into library xil_defaultlib
INFO: [VRFC 10-311] analyzing module test_bench
INFO: [VRFC 10-2263] Analyzing Verilog file "C:/Users/22770/Desktop/Low Power FPGA/Project/Final-Project/Final-Project.srcs/sim_1/new/neuron_tb.v" into library xil_defaultlib
INFO: [VRFC 10-311] analyzing module neuron_tb
INFO: [USF-XSim-69] 'compile' step finished in '2' seconds
INFO: [USF-XSim-3] XSim::Elaborate design
INFO: [USF-XSim-61] Executing 'ELABORATE' step in 'C:/Users/22770/Desktop/Low Power FPGA/Project/Final-Project/Final-Project.sim/sim_1/behav/xsim'
"xelab --incr --debug typical --relax --mt 2 -L xil_defaultlib -L unisims_ver -L unimacro_ver -L secureip --snapshot top_tb_behav xil_defaultlib.top_tb xil_defaultlib.glbl -log elaborate.log"
ECHO 处于关闭状态。
ECHO 处于关闭状态。
Vivado Simulator v2023.1
Copyright 1986-2022 Xilinx, Inc. All Rights Reserved.
Copyright 2022-2023 Advanced Micro Devices, Inc. All Rights Reserved.
Running: C:/Xilinx/Vivado/2023.1/bin/unwrapped/win64.o/xelab.exe --incr --debug typical --relax --mt 2 -L xil_defaultlib -L unisims_ver -L unimacro_ver -L secureip --snapshot top_tb_behav xil_defaultlib.top_tb xil_defaultlib.glbl -log elaborate.log 
Using 2 slave threads.
Starting static elaboration
Pass Through NonSizing Optimizer
WARNING: [VRFC 10-3091] actual bit length 9 differs from formal bit length 8 for port 'pixel_input' [C:/Users/22770/Desktop/Low Power FPGA/Project/Final-Project/Final-Project.srcs/sim_1/new/top_tb.v:200]
WARNING: [VRFC 10-3091] actual bit length 2 differs from formal bit length 1 for port 'wr_en' [C:/Users/22770/Desktop/Low Power FPGA/Project/Final-Project/Final-Project.srcs/sources_1/new/neuron.v:119]
Completed static elaboration
Starting simulation data flow analysis
Completed simulation data flow analysis
Time Resolution for simulation is 1ps
Compiling module xil_defaultlib.relu
Compiling module xil_defaultlib.neuron
Compiling module xil_defaultlib.neuron2
Compiling module xil_defaultlib.top_tb
Compiling module xil_defaultlib.glbl
Built simulation snapshot top_tb_behav
INFO: [USF-XSim-69] 'elaborate' step finished in '3' seconds
INFO: [USF-XSim-4] XSim::Simulate design
INFO: [USF-XSim-61] Executing 'SIMULATE' step in 'C:/Users/22770/Desktop/Low Power FPGA/Project/Final-Project/Final-Project.sim/sim_1/behav/xsim'
INFO: [USF-XSim-98] *** Running xsim
   with args "top_tb_behav -key {Behavioral:sim_1:Functional:top_tb} -tclbatch {top_tb.tcl} -view {{C:/Users/22770/Desktop/Low Power FPGA/Project/Final-Project/top_tb_behav.wcfg}} -log {simulate.log}"
INFO: [USF-XSim-8] Loading simulator feature
Time resolution is 1 ps
open_wave_config {C:/Users/22770/Desktop/Low Power FPGA/Project/Final-Project/top_tb_behav.wcfg}
source top_tb.tcl
# set curr_wave [current_wave_config]
# if { [string length $curr_wave] == 0 } {
#   if { [llength [get_objects]] > 0} {
#     add_wave /
#     set_property needs_save false [current_wave_config]
#   } else {
#      send_msg_id Add_Wave-1 WARNING "No top level signals found. Simulator will start without a wave window. If you want to open a wave window go to 'File->New Waveform Configuration' or type 'create_wave_config' in the TCL console."
#   }
# }
# run 1000ns
INFO: [USF-XSim-96] XSim completed. Design snapshot 'top_tb_behav' loaded.
INFO: [USF-XSim-97] XSim simulation ran for 1000ns
launch_simulation: Time (s): cpu = 00:00:01 ; elapsed = 00:00:08 . Memory (MB): peak = 1819.199 ; gain = 0.000
restart
INFO: [Wavedata 42-604] Simulation restarted
run 1.6 ms
current_wave_config {top_tb_behav.wcfg}
top_tb_behav.wcfg
add_wave {{/top_tb/class_counter}} 
restart
INFO: [Wavedata 42-604] Simulation restarted
save_wave_config {C:/Users/22770/Desktop/Low Power FPGA/Project/Final-Project/top_tb_behav.wcfg}
close_sim
INFO: [Simtcl 6-16] Simulation closed
launch_simulation
Command: launch_simulation 
INFO: [Vivado 12-12493] Simulation top is 'top_tb'
WARNING: [Vivado 12-13340] Unable to auto find GCC executables from simulator install path! (path not set)
INFO: [Vivado 12-5682] Launching behavioral simulation in 'C:/Users/22770/Desktop/Low Power FPGA/Project/Final-Project/Final-Project.sim/sim_1/behav/xsim'
INFO: [SIM-utils-51] Simulation object is 'sim_1'
INFO: [SIM-utils-72] Using boost library from 'C:/Xilinx/Vivado/2023.1/tps/boost_1_72_0'
INFO: [SIM-utils-54] Inspecting design source files for 'top_tb' in fileset 'sim_1'...
INFO: [USF-XSim-97] Finding global include files...
INFO: [USF-XSim-100] Fetching design files from 'sources_1'...(this may take a while)...
INFO: [USF-XSim-101] Fetching design files from 'sim_1'...
INFO: [USF-XSim-2] XSim::Compile design
INFO: [USF-XSim-61] Executing 'COMPILE and ANALYZE' step in 'C:/Users/22770/Desktop/Low Power FPGA/Project/Final-Project/Final-Project.sim/sim_1/behav/xsim'
"xvlog --incr --relax -prj top_tb_vlog.prj"
ECHO 处于关闭状态。
ECHO 处于关闭状态。
INFO: [VRFC 10-2263] Analyzing Verilog file "C:/Users/22770/Desktop/Low Power FPGA/Project/Final-Project/Final-Project.srcs/sources_1/new/neuron.v" into library xil_defaultlib
INFO: [VRFC 10-311] analyzing module neuron
INFO: [VRFC 10-2263] Analyzing Verilog file "C:/Users/22770/Desktop/Low Power FPGA/Project/Final-Project/Final-Project.srcs/sources_1/new/relu.v" into library xil_defaultlib
INFO: [VRFC 10-311] analyzing module relu
INFO: [VRFC 10-2263] Analyzing Verilog file "C:/Users/22770/Desktop/Low Power FPGA/Project/Final-Project/Final-Project.srcs/sources_1/new/top.v" into library xil_defaultlib
INFO: [VRFC 10-311] analyzing module top
INFO: [VRFC 10-2263] Analyzing Verilog file "C:/Users/22770/Desktop/Low Power FPGA/Project/Final-Project/Final-Project.srcs/sources_1/new/neuron2.v" into library xil_defaultlib
INFO: [VRFC 10-311] analyzing module neuron2
INFO: [VRFC 10-2263] Analyzing Verilog file "C:/Users/22770/Desktop/Low Power FPGA/Project/Final-Project/Final-Project.srcs/sources_1/new/dec7seg.v" into library xil_defaultlib
INFO: [VRFC 10-311] analyzing module dec7seg
INFO: [VRFC 10-2263] Analyzing Verilog file "C:/Users/22770/Desktop/Low Power FPGA/Project/Final-Project/Final-Project.srcs/sources_1/new/clk_divider.v" into library xil_defaultlib
INFO: [VRFC 10-311] analyzing module clk_divider
INFO: [VRFC 10-2263] Analyzing Verilog file "C:/Users/22770/Desktop/Low Power FPGA/Project/Final-Project/Final-Project.srcs/sim_1/new/top_tb.v" into library xil_defaultlib
INFO: [VRFC 10-311] analyzing module top_tb
INFO: [VRFC 10-2263] Analyzing Verilog file "C:/Users/22770/Desktop/Low Power FPGA/Project/Final-Project/Final-Project.srcs/sim_1/new/test_bench.v" into library xil_defaultlib
INFO: [VRFC 10-311] analyzing module test_bench
INFO: [VRFC 10-2263] Analyzing Verilog file "C:/Users/22770/Desktop/Low Power FPGA/Project/Final-Project/Final-Project.srcs/sim_1/new/neuron_tb.v" into library xil_defaultlib
INFO: [VRFC 10-311] analyzing module neuron_tb
INFO: [USF-XSim-69] 'compile' step finished in '2' seconds
INFO: [USF-XSim-3] XSim::Elaborate design
INFO: [USF-XSim-61] Executing 'ELABORATE' step in 'C:/Users/22770/Desktop/Low Power FPGA/Project/Final-Project/Final-Project.sim/sim_1/behav/xsim'
"xelab --incr --debug typical --relax --mt 2 -L xil_defaultlib -L unisims_ver -L unimacro_ver -L secureip --snapshot top_tb_behav xil_defaultlib.top_tb xil_defaultlib.glbl -log elaborate.log"
ECHO 处于关闭状态。
ECHO 处于关闭状态。
Vivado Simulator v2023.1
Copyright 1986-2022 Xilinx, Inc. All Rights Reserved.
Copyright 2022-2023 Advanced Micro Devices, Inc. All Rights Reserved.
Running: C:/Xilinx/Vivado/2023.1/bin/unwrapped/win64.o/xelab.exe --incr --debug typical --relax --mt 2 -L xil_defaultlib -L unisims_ver -L unimacro_ver -L secureip --snapshot top_tb_behav xil_defaultlib.top_tb xil_defaultlib.glbl -log elaborate.log 
Using 2 slave threads.
Starting static elaboration
Pass Through NonSizing Optimizer
WARNING: [VRFC 10-3091] actual bit length 9 differs from formal bit length 8 for port 'pixel_input' [C:/Users/22770/Desktop/Low Power FPGA/Project/Final-Project/Final-Project.srcs/sim_1/new/top_tb.v:202]
WARNING: [VRFC 10-3091] actual bit length 2 differs from formal bit length 1 for port 'wr_en' [C:/Users/22770/Desktop/Low Power FPGA/Project/Final-Project/Final-Project.srcs/sources_1/new/neuron.v:119]
Completed static elaboration
Starting simulation data flow analysis
Completed simulation data flow analysis
Time Resolution for simulation is 1ps
Compiling module xil_defaultlib.relu
Compiling module xil_defaultlib.neuron
Compiling module xil_defaultlib.neuron2
Compiling module xil_defaultlib.top_tb
Compiling module xil_defaultlib.glbl
Built simulation snapshot top_tb_behav
INFO: [USF-XSim-69] 'elaborate' step finished in '2' seconds
INFO: [USF-XSim-4] XSim::Simulate design
INFO: [USF-XSim-61] Executing 'SIMULATE' step in 'C:/Users/22770/Desktop/Low Power FPGA/Project/Final-Project/Final-Project.sim/sim_1/behav/xsim'
INFO: [USF-XSim-98] *** Running xsim
   with args "top_tb_behav -key {Behavioral:sim_1:Functional:top_tb} -tclbatch {top_tb.tcl} -view {{C:/Users/22770/Desktop/Low Power FPGA/Project/Final-Project/top_tb_behav.wcfg}} -log {simulate.log}"
INFO: [USF-XSim-8] Loading simulator feature
Time resolution is 1 ps
open_wave_config {C:/Users/22770/Desktop/Low Power FPGA/Project/Final-Project/top_tb_behav.wcfg}
source top_tb.tcl
# set curr_wave [current_wave_config]
# if { [string length $curr_wave] == 0 } {
#   if { [llength [get_objects]] > 0} {
#     add_wave /
#     set_property needs_save false [current_wave_config]
#   } else {
#      send_msg_id Add_Wave-1 WARNING "No top level signals found. Simulator will start without a wave window. If you want to open a wave window go to 'File->New Waveform Configuration' or type 'create_wave_config' in the TCL console."
#   }
# }
# run 1000ns
INFO: [USF-XSim-96] XSim completed. Design snapshot 'top_tb_behav' loaded.
INFO: [USF-XSim-97] XSim simulation ran for 1000ns
launch_simulation: Time (s): cpu = 00:00:01 ; elapsed = 00:00:07 . Memory (MB): peak = 1819.199 ; gain = 0.000
restart
INFO: [Wavedata 42-604] Simulation restarted
run 1.6 ms
save_wave_config {C:/Users/22770/Desktop/Low Power FPGA/Project/Final-Project/top_tb_behav.wcfg}
close_sim
INFO: [Simtcl 6-16] Simulation closed
launch_simulation
Command: launch_simulation 
INFO: [Vivado 12-12493] Simulation top is 'top_tb'
WARNING: [Vivado 12-13340] Unable to auto find GCC executables from simulator install path! (path not set)
INFO: [Vivado 12-5682] Launching behavioral simulation in 'C:/Users/22770/Desktop/Low Power FPGA/Project/Final-Project/Final-Project.sim/sim_1/behav/xsim'
INFO: [SIM-utils-51] Simulation object is 'sim_1'
INFO: [SIM-utils-72] Using boost library from 'C:/Xilinx/Vivado/2023.1/tps/boost_1_72_0'
INFO: [SIM-utils-54] Inspecting design source files for 'top_tb' in fileset 'sim_1'...
INFO: [USF-XSim-97] Finding global include files...
INFO: [USF-XSim-100] Fetching design files from 'sources_1'...(this may take a while)...
INFO: [USF-XSim-101] Fetching design files from 'sim_1'...
INFO: [USF-XSim-2] XSim::Compile design
INFO: [USF-XSim-61] Executing 'COMPILE and ANALYZE' step in 'C:/Users/22770/Desktop/Low Power FPGA/Project/Final-Project/Final-Project.sim/sim_1/behav/xsim'
"xvlog --incr --relax -prj top_tb_vlog.prj"
ECHO 处于关闭状态。
ECHO 处于关闭状态。
INFO: [VRFC 10-2263] Analyzing Verilog file "C:/Users/22770/Desktop/Low Power FPGA/Project/Final-Project/Final-Project.srcs/sources_1/new/neuron.v" into library xil_defaultlib
INFO: [VRFC 10-311] analyzing module neuron
INFO: [VRFC 10-2263] Analyzing Verilog file "C:/Users/22770/Desktop/Low Power FPGA/Project/Final-Project/Final-Project.srcs/sources_1/new/relu.v" into library xil_defaultlib
INFO: [VRFC 10-311] analyzing module relu
INFO: [VRFC 10-2263] Analyzing Verilog file "C:/Users/22770/Desktop/Low Power FPGA/Project/Final-Project/Final-Project.srcs/sources_1/new/top.v" into library xil_defaultlib
INFO: [VRFC 10-311] analyzing module top
INFO: [VRFC 10-2263] Analyzing Verilog file "C:/Users/22770/Desktop/Low Power FPGA/Project/Final-Project/Final-Project.srcs/sources_1/new/neuron2.v" into library xil_defaultlib
INFO: [VRFC 10-311] analyzing module neuron2
INFO: [VRFC 10-2263] Analyzing Verilog file "C:/Users/22770/Desktop/Low Power FPGA/Project/Final-Project/Final-Project.srcs/sources_1/new/dec7seg.v" into library xil_defaultlib
INFO: [VRFC 10-311] analyzing module dec7seg
INFO: [VRFC 10-2263] Analyzing Verilog file "C:/Users/22770/Desktop/Low Power FPGA/Project/Final-Project/Final-Project.srcs/sources_1/new/clk_divider.v" into library xil_defaultlib
INFO: [VRFC 10-311] analyzing module clk_divider
INFO: [VRFC 10-2263] Analyzing Verilog file "C:/Users/22770/Desktop/Low Power FPGA/Project/Final-Project/Final-Project.srcs/sim_1/new/top_tb.v" into library xil_defaultlib
INFO: [VRFC 10-311] analyzing module top_tb
INFO: [VRFC 10-2263] Analyzing Verilog file "C:/Users/22770/Desktop/Low Power FPGA/Project/Final-Project/Final-Project.srcs/sim_1/new/test_bench.v" into library xil_defaultlib
INFO: [VRFC 10-311] analyzing module test_bench
INFO: [VRFC 10-2263] Analyzing Verilog file "C:/Users/22770/Desktop/Low Power FPGA/Project/Final-Project/Final-Project.srcs/sim_1/new/neuron_tb.v" into library xil_defaultlib
INFO: [VRFC 10-311] analyzing module neuron_tb
INFO: [USF-XSim-69] 'compile' step finished in '2' seconds
INFO: [USF-XSim-3] XSim::Elaborate design
INFO: [USF-XSim-61] Executing 'ELABORATE' step in 'C:/Users/22770/Desktop/Low Power FPGA/Project/Final-Project/Final-Project.sim/sim_1/behav/xsim'
"xelab --incr --debug typical --relax --mt 2 -L xil_defaultlib -L unisims_ver -L unimacro_ver -L secureip --snapshot top_tb_behav xil_defaultlib.top_tb xil_defaultlib.glbl -log elaborate.log"
ECHO 处于关闭状态。
ECHO 处于关闭状态。
Vivado Simulator v2023.1
Copyright 1986-2022 Xilinx, Inc. All Rights Reserved.
Copyright 2022-2023 Advanced Micro Devices, Inc. All Rights Reserved.
Running: C:/Xilinx/Vivado/2023.1/bin/unwrapped/win64.o/xelab.exe --incr --debug typical --relax --mt 2 -L xil_defaultlib -L unisims_ver -L unimacro_ver -L secureip --snapshot top_tb_behav xil_defaultlib.top_tb xil_defaultlib.glbl -log elaborate.log 
Using 2 slave threads.
Starting static elaboration
Pass Through NonSizing Optimizer
WARNING: [VRFC 10-3091] actual bit length 9 differs from formal bit length 8 for port 'pixel_input' [C:/Users/22770/Desktop/Low Power FPGA/Project/Final-Project/Final-Project.srcs/sim_1/new/top_tb.v:205]
WARNING: [VRFC 10-3091] actual bit length 2 differs from formal bit length 1 for port 'wr_en' [C:/Users/22770/Desktop/Low Power FPGA/Project/Final-Project/Final-Project.srcs/sources_1/new/neuron.v:119]
Completed static elaboration
Starting simulation data flow analysis
Completed simulation data flow analysis
Time Resolution for simulation is 1ps
Compiling module xil_defaultlib.relu
Compiling module xil_defaultlib.neuron
Compiling module xil_defaultlib.neuron2
Compiling module xil_defaultlib.top_tb
Compiling module xil_defaultlib.glbl
Built simulation snapshot top_tb_behav
INFO: [USF-XSim-69] 'elaborate' step finished in '3' seconds
INFO: [USF-XSim-4] XSim::Simulate design
INFO: [USF-XSim-61] Executing 'SIMULATE' step in 'C:/Users/22770/Desktop/Low Power FPGA/Project/Final-Project/Final-Project.sim/sim_1/behav/xsim'
INFO: [USF-XSim-98] *** Running xsim
   with args "top_tb_behav -key {Behavioral:sim_1:Functional:top_tb} -tclbatch {top_tb.tcl} -view {{C:/Users/22770/Desktop/Low Power FPGA/Project/Final-Project/top_tb_behav.wcfg}} -log {simulate.log}"
INFO: [USF-XSim-8] Loading simulator feature
Time resolution is 1 ps
open_wave_config {C:/Users/22770/Desktop/Low Power FPGA/Project/Final-Project/top_tb_behav.wcfg}
source top_tb.tcl
# set curr_wave [current_wave_config]
# if { [string length $curr_wave] == 0 } {
#   if { [llength [get_objects]] > 0} {
#     add_wave /
#     set_property needs_save false [current_wave_config]
#   } else {
#      send_msg_id Add_Wave-1 WARNING "No top level signals found. Simulator will start without a wave window. If you want to open a wave window go to 'File->New Waveform Configuration' or type 'create_wave_config' in the TCL console."
#   }
# }
# run 1000ns
INFO: [USF-XSim-96] XSim completed. Design snapshot 'top_tb_behav' loaded.
INFO: [USF-XSim-97] XSim simulation ran for 1000ns
launch_simulation: Time (s): cpu = 00:00:01 ; elapsed = 00:00:07 . Memory (MB): peak = 2895.688 ; gain = 0.000
restart
INFO: [Wavedata 42-604] Simulation restarted
run 1.6 ms
run 1.6 ms
reset_run synth_1
INFO: [Project 1-1161] Replacing file C:/Users/22770/Desktop/Low Power FPGA/Project/Final-Project/Final-Project.srcs/utils_1/imports/synth_1/top.dcp with file C:/Users/22770/Desktop/Low Power FPGA/Project/Final-Project/Final-Project.runs/synth_1/top.dcp
WARNING: [Vivado 12-1017] Problems encountered:
1. Failed to delete one or more files in run directory C:/Users/22770/Desktop/Low Power FPGA/Project/Final-Project/Final-Project.runs/synth_1

launch_runs synth_1 -jobs 20
[Mon Dec 11 01:06:48 2023] Launched synth_1...
Run output will be captured here: C:/Users/22770/Desktop/Low Power FPGA/Project/Final-Project/Final-Project.runs/synth_1/runme.log
close [ open {C:/Users/22770/Desktop/Low Power FPGA/Project/Final-Project/Final-Project.srcs/sources_1/new/LED.v} w ]
add_files {{C:/Users/22770/Desktop/Low Power FPGA/Project/Final-Project/Final-Project.srcs/sources_1/new/LED.v}}
launch_runs impl_1 -jobs 20
[Mon Dec 11 01:13:27 2023] Launched impl_1...
Run output will be captured here: C:/Users/22770/Desktop/Low Power FPGA/Project/Final-Project/Final-Project.runs/impl_1/runme.log
launch_runs impl_1 -to_step write_bitstream -jobs 20
[Mon Dec 11 01:14:49 2023] Launched impl_1...
Run output will be captured here: C:/Users/22770/Desktop/Low Power FPGA/Project/Final-Project/Final-Project.runs/impl_1/runme.log
open_hw_manager
connect_hw_server -allow_non_jtag
INFO: [Labtools 27-2285] Connecting to hw_server url TCP:localhost:3121
INFO: [Labtools 27-2222] Launching hw_server...
INFO: [Labtools 27-2221] Launch Output:
ECHO 处于关闭状态。
ECHO 处于关闭状态。

****** Xilinx hw_server v2023.1
  **** Build date : May  7 2023 at 15:26:57
    ** Copyright 1986-2022 Xilinx, Inc. All Rights Reserved.


INFO: [Labtools 27-3415] Connecting to cs_server url TCP:localhost:0
INFO: [Labtools 27-3417] Launching cs_server...
INFO: [Labtools 27-2221] Launch Output:
ECHO 处于关闭状态。
ECHO 处于关闭状态。


******** Xilinx cs_server v2023.1.0
  ****** Build date   : Apr 10 2023-11:59:24
    **** Build number : 2023.1.1681142364
      ** Copyright 2017-2022 Xilinx, Inc. All Rights Reserved.
      ** Copyright 2022-2023 Advanced Micro Devices, Inc. All Rights Reserved.



connect_hw_server: Time (s): cpu = 00:00:00 ; elapsed = 00:00:06 . Memory (MB): peak = 2895.688 ; gain = 0.000
open_hw_target
INFO: [Labtoolstcl 44-466] Opening hw_target localhost:3121/xilinx_tcf/Digilent/210292B9CD4BA
set_property PROGRAM.FILE {C:/Users/22770/Desktop/Low Power FPGA/Project/Final-Project/Final-Project.runs/impl_1/top.bit} [get_hw_devices xc7a100t_0]
current_hw_device [get_hw_devices xc7a100t_0]
refresh_hw_device -update_hw_probes false [lindex [get_hw_devices xc7a100t_0] 0]
INFO: [Labtools 27-1434] Device xc7a100t (JTAG device index = 0) is programmed with a design that has no supported debug core(s) in it.
set_property PROBES.FILE {} [get_hw_devices xc7a100t_0]
set_property FULL_PROBES.FILE {} [get_hw_devices xc7a100t_0]
set_property PROGRAM.FILE {C:/Users/22770/Desktop/Low Power FPGA/Project/Final-Project/Final-Project.runs/impl_1/top.bit} [get_hw_devices xc7a100t_0]
program_hw_devices [get_hw_devices xc7a100t_0]
INFO: [Labtools 27-3164] End of startup status: HIGH
refresh_hw_device [lindex [get_hw_devices xc7a100t_0] 0]
INFO: [Labtools 27-1434] Device xc7a100t (JTAG device index = 0) is programmed with a design that has no supported debug core(s) in it.
close_hw_manager
reset_run synth_1
INFO: [Project 1-1161] Replacing file C:/Users/22770/Desktop/Low Power FPGA/Project/Final-Project/Final-Project.srcs/utils_1/imports/synth_1/top.dcp with file C:/Users/22770/Desktop/Low Power FPGA/Project/Final-Project/Final-Project.runs/synth_1/top.dcp
WARNING: [Vivado 12-1017] Problems encountered:
1. Failed to delete one or more files in run directory C:/Users/22770/Desktop/Low Power FPGA/Project/Final-Project/Final-Project.runs/synth_1

launch_runs synth_1 -jobs 20
[Mon Dec 11 01:22:14 2023] Launched synth_1...
Run output will be captured here: C:/Users/22770/Desktop/Low Power FPGA/Project/Final-Project/Final-Project.runs/synth_1/runme.log
reset_run synth_1
WARNING: [Vivado 12-1017] Problems encountered:
1. Failed to delete one or more files in run directory C:/Users/22770/Desktop/Low Power FPGA/Project/Final-Project/Final-Project.runs/synth_1

launch_runs synth_1 -jobs 20
[Mon Dec 11 01:22:47 2023] Launched synth_1...
Run output will be captured here: C:/Users/22770/Desktop/Low Power FPGA/Project/Final-Project/Final-Project.runs/synth_1/runme.log
launch_runs impl_1 -jobs 20
[Mon Dec 11 01:29:27 2023] Launched impl_1...
Run output will be captured here: C:/Users/22770/Desktop/Low Power FPGA/Project/Final-Project/Final-Project.runs/impl_1/runme.log
synth_design -rtl -rtl_skip_mlo -name rtl_1
Command: synth_design -rtl -rtl_skip_mlo -name rtl_1
Starting synth_design
Using part: xc7a100tcsg324-1
Top: top
INFO: [Device 21-403] Loading part xc7a100tcsg324-1
INFO: [Synth 8-11241] undeclared symbol 'out', assumed default net type 'wire' [C:/Users/22770/Desktop/Low Power FPGA/Project/Final-Project/Final-Project.srcs/sources_1/new/top.v:136]
INFO: [Synth 8-11241] undeclared symbol 'out1', assumed default net type 'wire' [C:/Users/22770/Desktop/Low Power FPGA/Project/Final-Project/Final-Project.srcs/sources_1/new/top.v:221]
---------------------------------------------------------------------------------
Starting RTL Elaboration : Time (s): cpu = 00:00:02 ; elapsed = 00:00:05 . Memory (MB): peak = 2895.688 ; gain = 0.000
---------------------------------------------------------------------------------
INFO: [Synth 8-6157] synthesizing module 'top' [C:/Users/22770/Desktop/Low Power FPGA/Project/Final-Project/Final-Project.srcs/sources_1/new/top.v:23]
INFO: [Synth 8-3876] $readmem data file 'C:\Users\22770\Desktop\Low Power FPGA\Final Project\image_example_out.txt' is read successfully [C:/Users/22770/Desktop/Low Power FPGA/Project/Final-Project/Final-Project.srcs/sources_1/new/top.v:63]
INFO: [Synth 8-6157] synthesizing module 'neuron' [C:/Users/22770/Desktop/Low Power FPGA/Project/Final-Project/Final-Project.srcs/sources_1/new/neuron.v:23]
INFO: [Synth 8-3876] $readmem data file 'C:\Users\22770\Desktop\Low Power FPGA\Final Project\weights1_out.txt' is read successfully [C:/Users/22770/Desktop/Low Power FPGA/Project/Final-Project/Final-Project.srcs/sources_1/new/neuron.v:54]
INFO: [Synth 8-6157] synthesizing module 'relu' [C:/Users/22770/Desktop/Low Power FPGA/Project/Final-Project/Final-Project.srcs/sources_1/new/relu.v:23]
INFO: [Synth 8-6155] done synthesizing module 'relu' (0#1) [C:/Users/22770/Desktop/Low Power FPGA/Project/Final-Project/Final-Project.srcs/sources_1/new/relu.v:23]
WARNING: [Synth 8-689] width (2) of port connection 'wr_en' does not match port width (1) of module 'relu' [C:/Users/22770/Desktop/Low Power FPGA/Project/Final-Project/Final-Project.srcs/sources_1/new/neuron.v:119]
INFO: [Synth 8-6155] done synthesizing module 'neuron' (0#1) [C:/Users/22770/Desktop/Low Power FPGA/Project/Final-Project/Final-Project.srcs/sources_1/new/neuron.v:23]
WARNING: [Synth 8-689] width (9) of port connection 'pixel_input' does not match port width (8) of module 'neuron' [C:/Users/22770/Desktop/Low Power FPGA/Project/Final-Project/Final-Project.srcs/sources_1/new/top.v:132]
WARNING: [Synth 8-689] width (1) of port connection 'out' does not match port width (32) of module 'neuron' [C:/Users/22770/Desktop/Low Power FPGA/Project/Final-Project/Final-Project.srcs/sources_1/new/top.v:136]
INFO: [Synth 8-6157] synthesizing module 'neuron2' [C:/Users/22770/Desktop/Low Power FPGA/Project/Final-Project/Final-Project.srcs/sources_1/new/neuron2.v:23]
INFO: [Synth 8-3876] $readmem data file 'C:\Users\22770\Desktop\Low Power FPGA\Final Project\weights2_out.txt' is read successfully [C:/Users/22770/Desktop/Low Power FPGA/Project/Final-Project/Final-Project.srcs/sources_1/new/neuron2.v:51]
INFO: [Synth 8-6155] done synthesizing module 'neuron2' (0#1) [C:/Users/22770/Desktop/Low Power FPGA/Project/Final-Project/Final-Project.srcs/sources_1/new/neuron2.v:23]
WARNING: [Synth 8-689] width (1) of port connection 'out1' does not match port width (32) of module 'neuron2' [C:/Users/22770/Desktop/Low Power FPGA/Project/Final-Project/Final-Project.srcs/sources_1/new/top.v:221]
INFO: [Synth 8-6157] synthesizing module 'dec7seg' [C:/Users/22770/Desktop/Low Power FPGA/Project/Final-Project/Final-Project.srcs/sources_1/new/dec7seg.v:23]
INFO: [Synth 8-6155] done synthesizing module 'dec7seg' (0#1) [C:/Users/22770/Desktop/Low Power FPGA/Project/Final-Project/Final-Project.srcs/sources_1/new/dec7seg.v:23]
WARNING: [Synth 8-689] width (2) of port connection 'clk_div' does not match port width (1) of module 'dec7seg' [C:/Users/22770/Desktop/Low Power FPGA/Project/Final-Project/Final-Project.srcs/sources_1/new/top.v:230]
INFO: [Synth 8-6157] synthesizing module 'clk_divider' [C:/Users/22770/Desktop/Low Power FPGA/Project/Final-Project/Final-Project.srcs/sources_1/new/clk_divider.v:23]
INFO: [Synth 8-6155] done synthesizing module 'clk_divider' (0#1) [C:/Users/22770/Desktop/Low Power FPGA/Project/Final-Project/Final-Project.srcs/sources_1/new/clk_divider.v:23]
WARNING: [Synth 8-689] width (2) of port connection 'clk_div' does not match port width (1) of module 'clk_divider' [C:/Users/22770/Desktop/Low Power FPGA/Project/Final-Project/Final-Project.srcs/sources_1/new/top.v:232]
INFO: [Synth 8-6155] done synthesizing module 'top' (0#1) [C:/Users/22770/Desktop/Low Power FPGA/Project/Final-Project/Final-Project.srcs/sources_1/new/top.v:23]
WARNING: [Synth 8-3917] design top has port dp driven by constant 1
WARNING: [Synth 8-3917] design top has port an[7] driven by constant 1
WARNING: [Synth 8-3917] design top has port an[6] driven by constant 1
WARNING: [Synth 8-3917] design top has port an[5] driven by constant 1
WARNING: [Synth 8-3917] design top has port an[4] driven by constant 1
WARNING: [Synth 8-3917] design top has port an[3] driven by constant 1
WARNING: [Synth 8-3917] design top has port an[2] driven by constant 1
WARNING: [Synth 8-3917] design top has port an[1] driven by constant 1
WARNING: [Synth 8-3917] design top has port an[0] driven by constant 0
---------------------------------------------------------------------------------
Finished RTL Elaboration : Time (s): cpu = 00:00:03 ; elapsed = 00:00:08 . Memory (MB): peak = 2895.688 ; gain = 0.000
---------------------------------------------------------------------------------
---------------------------------------------------------------------------------
Start Handling Custom Attributes
---------------------------------------------------------------------------------
---------------------------------------------------------------------------------
Finished Handling Custom Attributes : Time (s): cpu = 00:00:03 ; elapsed = 00:00:08 . Memory (MB): peak = 2895.688 ; gain = 0.000
---------------------------------------------------------------------------------
---------------------------------------------------------------------------------
Finished RTL Optimization Phase 1 : Time (s): cpu = 00:00:03 ; elapsed = 00:00:08 . Memory (MB): peak = 2895.688 ; gain = 0.000
---------------------------------------------------------------------------------
Netlist sorting complete. Time (s): cpu = 00:00:00 ; elapsed = 00:00:00.052 . Memory (MB): peak = 2895.688 ; gain = 0.000
INFO: [Project 1-570] Preparing netlist for logic optimization

Processing XDC Constraints
Initializing timing engine
Parsing XDC File [C:/Users/22770/Desktop/Low Power FPGA/Project/Final-Project/Final-Project.srcs/constrs_1/new/constrain.xdc]
WARNING: [Vivado 12-507] No nets matched 'rst_IBUF'. [C:/Users/22770/Desktop/Low Power FPGA/Project/Final-Project/Final-Project.srcs/constrs_1/new/constrain.xdc:8]
CRITICAL WARNING: [Common 17-163] Missing value for option 'objects', please type 'set_property -help' for usage info. [C:/Users/22770/Desktop/Low Power FPGA/Project/Final-Project/Final-Project.srcs/constrs_1/new/constrain.xdc:8]
Finished Parsing XDC File [C:/Users/22770/Desktop/Low Power FPGA/Project/Final-Project/Final-Project.srcs/constrs_1/new/constrain.xdc]
Completed Processing XDC Constraints

Netlist sorting complete. Time (s): cpu = 00:00:00 ; elapsed = 00:00:00.001 . Memory (MB): peak = 2931.402 ; gain = 0.000
INFO: [Project 1-111] Unisim Transformation Summary:
No Unisim elements were transformed.

RTL Elaboration Complete:  : Time (s): cpu = 00:00:07 ; elapsed = 00:00:13 . Memory (MB): peak = 3000.352 ; gain = 104.664
20 Infos, 16 Warnings, 1 Critical Warnings and 0 Errors encountered.
synth_design completed successfully
synth_design: Time (s): cpu = 00:00:09 ; elapsed = 00:00:17 . Memory (MB): peak = 3000.352 ; gain = 104.664
set_property IOSTANDARD LVCMOS33 [get_ports [list {seg_display[3]} {seg_display[2]} {seg_display[1]} {seg_display[0]}]]
save_constraints
reset_run impl_1
launch_runs impl_1 -jobs 20
[Mon Dec 11 01:32:01 2023] Launched impl_1...
Run output will be captured here: C:/Users/22770/Desktop/Low Power FPGA/Project/Final-Project/Final-Project.runs/impl_1/runme.log
launch_runs impl_1 -to_step write_bitstream -jobs 20
[Mon Dec 11 01:35:38 2023] Launched impl_1...
Run output will be captured here: C:/Users/22770/Desktop/Low Power FPGA/Project/Final-Project/Final-Project.runs/impl_1/runme.log
open_hw_manager
connect_hw_server -allow_non_jtag
INFO: [Labtools 27-2285] Connecting to hw_server url TCP:localhost:3121
INFO: [Labtools 27-2222] Launching hw_server...
INFO: [Labtools 27-2221] Launch Output:
ECHO 处于关闭状态。
ECHO 处于关闭状态。

****** Xilinx hw_server v2023.1
  **** Build date : May  7 2023 at 15:26:57
    ** Copyright 1986-2022 Xilinx, Inc. All Rights Reserved.


INFO: [Labtools 27-3415] Connecting to cs_server url TCP:localhost:0
INFO: [Labtools 27-3417] Launching cs_server...
INFO: [Labtools 27-2221] Launch Output:
ECHO 处于关闭状态。
ECHO 处于关闭状态。


******** Xilinx cs_server v2023.1.0
  ****** Build date   : Apr 10 2023-11:59:24
    **** Build number : 2023.1.1681142364
      ** Copyright 2017-2022 Xilinx, Inc. All Rights Reserved.
      ** Copyright 2022-2023 Advanced Micro Devices, Inc. All Rights Reserved.



connect_hw_server: Time (s): cpu = 00:00:00 ; elapsed = 00:00:07 . Memory (MB): peak = 3000.352 ; gain = 0.000
open_hw_target
INFO: [Labtoolstcl 44-466] Opening hw_target localhost:3121/xilinx_tcf/Digilent/210292B9CD4BA
set_property PROGRAM.FILE {C:/Users/22770/Desktop/Low Power FPGA/Project/Final-Project/Final-Project.runs/impl_1/top.bit} [get_hw_devices xc7a100t_0]
current_hw_device [get_hw_devices xc7a100t_0]
refresh_hw_device -update_hw_probes false [lindex [get_hw_devices xc7a100t_0] 0]
INFO: [Labtools 27-1435] Device xc7a100t (JTAG device index = 0) is not programmed (DONE status = 0).
set_property PROBES.FILE {} [get_hw_devices xc7a100t_0]
set_property FULL_PROBES.FILE {} [get_hw_devices xc7a100t_0]
set_property PROGRAM.FILE {C:/Users/22770/Desktop/Low Power FPGA/Project/Final-Project/Final-Project.runs/impl_1/top.bit} [get_hw_devices xc7a100t_0]
program_hw_devices [get_hw_devices xc7a100t_0]
INFO: [Labtools 27-3164] End of startup status: HIGH
refresh_hw_device [lindex [get_hw_devices xc7a100t_0] 0]
INFO: [Labtools 27-1434] Device xc7a100t (JTAG device index = 0) is programmed with a design that has no supported debug core(s) in it.
reset_run synth_1
INFO: [Project 1-1161] Replacing file C:/Users/22770/Desktop/Low Power FPGA/Project/Final-Project/Final-Project.srcs/utils_1/imports/synth_1/top.dcp with file C:/Users/22770/Desktop/Low Power FPGA/Project/Final-Project/Final-Project.runs/synth_1/top.dcp
WARNING: [Vivado 12-1017] Problems encountered:
1. Failed to delete one or more files in run directory C:/Users/22770/Desktop/Low Power FPGA/Project/Final-Project/Final-Project.runs/synth_1

launch_runs synth_1 -jobs 20
[Mon Dec 11 01:59:09 2023] Launched synth_1...
Run output will be captured here: C:/Users/22770/Desktop/Low Power FPGA/Project/Final-Project/Final-Project.runs/synth_1/runme.log
launch_runs impl_1 -jobs 20
[Mon Dec 11 02:05:57 2023] Launched impl_1...
Run output will be captured here: C:/Users/22770/Desktop/Low Power FPGA/Project/Final-Project/Final-Project.runs/impl_1/runme.log
launch_runs impl_1 -to_step write_bitstream -jobs 20
[Mon Dec 11 02:07:21 2023] Launched impl_1...
Run output will be captured here: C:/Users/22770/Desktop/Low Power FPGA/Project/Final-Project/Final-Project.runs/impl_1/runme.log
open_run impl_1
Netlist sorting complete. Time (s): cpu = 00:00:00 ; elapsed = 00:00:00.001 . Memory (MB): peak = 3029.559 ; gain = 0.000
INFO: [Netlist 29-17] Analyzing 5 Unisim elements for replacement
INFO: [Netlist 29-28] Unisim Transformation completed in 0 CPU seconds
INFO: [Project 1-479] Netlist was created with Vivado 2023.1
INFO: [Project 1-570] Preparing netlist for logic optimization
INFO: [Timing 38-478] Restoring timing data from binary archive.
INFO: [Timing 38-479] Binary timing data restore complete.
INFO: [Project 1-856] Restoring constraints from binary archive.
INFO: [Project 1-853] Binary constraint restore complete.
Reading XDEF placement.
Reading placer database...
Reading XDEF routing.
Read XDEF Files: Time (s): cpu = 00:00:00 ; elapsed = 00:00:00.035 . Memory (MB): peak = 3496.379 ; gain = 0.000
Restored from archive | CPU: 0.000000 secs | Memory: 0.000000 MB |
Finished XDEF File Restore: Time (s): cpu = 00:00:00 ; elapsed = 00:00:00.035 . Memory (MB): peak = 3496.379 ; gain = 0.000
Netlist sorting complete. Time (s): cpu = 00:00:00 ; elapsed = 00:00:00 . Memory (MB): peak = 3496.379 ; gain = 0.000
INFO: [Project 1-111] Unisim Transformation Summary:
No Unisim elements were transformed.

open_run: Time (s): cpu = 00:00:05 ; elapsed = 00:00:11 . Memory (MB): peak = 3548.156 ; gain = 518.598
close_design
set_property PROBES.FILE {} [get_hw_devices xc7a100t_0]
set_property FULL_PROBES.FILE {} [get_hw_devices xc7a100t_0]
set_property PROGRAM.FILE {C:/Users/22770/Desktop/Low Power FPGA/Project/Final-Project/Final-Project.runs/impl_1/top.bit} [get_hw_devices xc7a100t_0]
program_hw_devices [get_hw_devices xc7a100t_0]
INFO: [Labtools 27-3164] End of startup status: HIGH
refresh_hw_device [lindex [get_hw_devices xc7a100t_0] 0]
INFO: [Labtools 27-1434] Device xc7a100t (JTAG device index = 0) is programmed with a design that has no supported debug core(s) in it.
reset_run synth_1
INFO: [Project 1-1161] Replacing file C:/Users/22770/Desktop/Low Power FPGA/Project/Final-Project/Final-Project.srcs/utils_1/imports/synth_1/top.dcp with file C:/Users/22770/Desktop/Low Power FPGA/Project/Final-Project/Final-Project.runs/synth_1/top.dcp
WARNING: [Vivado 12-1017] Problems encountered:
1. Failed to delete one or more files in run directory C:/Users/22770/Desktop/Low Power FPGA/Project/Final-Project/Final-Project.runs/synth_1

launch_runs synth_1 -jobs 20
[Mon Dec 11 02:19:21 2023] Launched synth_1...
Run output will be captured here: C:/Users/22770/Desktop/Low Power FPGA/Project/Final-Project/Final-Project.runs/synth_1/runme.log
launch_runs impl_1 -jobs 20
[Mon Dec 11 02:26:03 2023] Launched impl_1...
Run output will be captured here: C:/Users/22770/Desktop/Low Power FPGA/Project/Final-Project/Final-Project.runs/impl_1/runme.log
launch_runs impl_1 -to_step write_bitstream -jobs 20
[Mon Dec 11 02:27:33 2023] Launched impl_1...
Run output will be captured here: C:/Users/22770/Desktop/Low Power FPGA/Project/Final-Project/Final-Project.runs/impl_1/runme.log
set_property PROBES.FILE {} [get_hw_devices xc7a100t_0]
set_property FULL_PROBES.FILE {} [get_hw_devices xc7a100t_0]
set_property PROGRAM.FILE {C:/Users/22770/Desktop/Low Power FPGA/Project/Final-Project/Final-Project.runs/impl_1/top.bit} [get_hw_devices xc7a100t_0]
program_hw_devices [get_hw_devices xc7a100t_0]
INFO: [Labtools 27-3164] End of startup status: HIGH
refresh_hw_device [lindex [get_hw_devices xc7a100t_0] 0]
INFO: [Labtools 27-1434] Device xc7a100t (JTAG device index = 0) is programmed with a design that has no supported debug core(s) in it.
close_hw_manager
close_sim
INFO: [Simtcl 6-16] Simulation closed
exit
INFO: [Common 17-206] Exiting Vivado at Mon Dec 11 02:31:57 2023...
